<?xml version="1.0" encoding="UTF-8"?>
<testsuite xmlns:xsi="http://www.w3.org/2001/XMLSchema-instance" xsi:noNamespaceSchemaLocation="https://maven.apache.org/surefire/maven-surefire-plugin/xsd/surefire-test-report-3.0.xsd" version="3.0" name="com.csye6220.Elearning.ElearningApplicationTests" time="1.795" tests="1" errors="0" skipped="0" failures="0">
  <properties>
    <property name="java.specification.version" value="17"/>
    <property name="sun.jnu.encoding" value="UTF-8"/>
    <property name="java.class.path" value="/Users/sudheendrasubnavis/Desktop/Elearning/target/test-classes:/Users/sudheendrasubnavis/Desktop/Elearning/target/classes:/Users/sudheendrasubnavis/.m2/repository/org/springframework/boot/spring-boot-starter-thymeleaf/3.2.0/spring-boot-starter-thymeleaf-3.2.0.jar:/Users/sudheendrasubnavis/.m2/repository/org/springframework/boot/spring-boot-starter/3.2.0/spring-boot-starter-3.2.0.jar:/Users/sudheendrasubnavis/.m2/repository/org/springframework/boot/spring-boot/3.2.0/spring-boot-3.2.0.jar:/Users/sudheendrasubnavis/.m2/repository/org/springframework/boot/spring-boot-autoconfigure/3.2.0/spring-boot-autoconfigure-3.2.0.jar:/Users/sudheendrasubnavis/.m2/repository/org/springframework/boot/spring-boot-starter-logging/3.2.0/spring-boot-starter-logging-3.2.0.jar:/Users/sudheendrasubnavis/.m2/repository/ch/qos/logback/logback-classic/1.4.11/logback-classic-1.4.11.jar:/Users/sudheendrasubnavis/.m2/repository/ch/qos/logback/logback-core/1.4.11/logback-core-1.4.11.jar:/Users/sudheendrasubnavis/.m2/repository/org/apache/logging/log4j/log4j-to-slf4j/2.21.1/log4j-to-slf4j-2.21.1.jar:/Users/sudheendrasubnavis/.m2/repository/org/apache/logging/log4j/log4j-api/2.21.1/log4j-api-2.21.1.jar:/Users/sudheendrasubnavis/.m2/repository/org/slf4j/jul-to-slf4j/2.0.9/jul-to-slf4j-2.0.9.jar:/Users/sudheendrasubnavis/.m2/repository/jakarta/annotation/jakarta.annotation-api/2.1.1/jakarta.annotation-api-2.1.1.jar:/Users/sudheendrasubnavis/.m2/repository/org/yaml/snakeyaml/2.2/snakeyaml-2.2.jar:/Users/sudheendrasubnavis/.m2/repository/org/thymeleaf/thymeleaf-spring6/3.1.2.RELEASE/thymeleaf-spring6-3.1.2.RELEASE.jar:/Users/sudheendrasubnavis/.m2/repository/org/thymeleaf/thymeleaf/3.1.2.RELEASE/thymeleaf-3.1.2.RELEASE.jar:/Users/sudheendrasubnavis/.m2/repository/org/attoparser/attoparser/2.0.7.RELEASE/attoparser-2.0.7.RELEASE.jar:/Users/sudheendrasubnavis/.m2/repository/org/unbescape/unbescape/1.1.6.RELEASE/unbescape-1.1.6.RELEASE.jar:/Users/sudheendrasubnavis/.m2/repository/org/springframework/boot/spring-boot-starter-web/3.2.0/spring-boot-starter-web-3.2.0.jar:/Users/sudheendrasubnavis/.m2/repository/org/springframework/boot/spring-boot-starter-json/3.2.0/spring-boot-starter-json-3.2.0.jar:/Users/sudheendrasubnavis/.m2/repository/com/fasterxml/jackson/core/jackson-databind/2.15.3/jackson-databind-2.15.3.jar:/Users/sudheendrasubnavis/.m2/repository/com/fasterxml/jackson/core/jackson-annotations/2.15.3/jackson-annotations-2.15.3.jar:/Users/sudheendrasubnavis/.m2/repository/com/fasterxml/jackson/core/jackson-core/2.15.3/jackson-core-2.15.3.jar:/Users/sudheendrasubnavis/.m2/repository/com/fasterxml/jackson/datatype/jackson-datatype-jdk8/2.15.3/jackson-datatype-jdk8-2.15.3.jar:/Users/sudheendrasubnavis/.m2/repository/com/fasterxml/jackson/datatype/jackson-datatype-jsr310/2.15.3/jackson-datatype-jsr310-2.15.3.jar:/Users/sudheendrasubnavis/.m2/repository/com/fasterxml/jackson/module/jackson-module-parameter-names/2.15.3/jackson-module-parameter-names-2.15.3.jar:/Users/sudheendrasubnavis/.m2/repository/org/springframework/boot/spring-boot-starter-tomcat/3.2.0/spring-boot-starter-tomcat-3.2.0.jar:/Users/sudheendrasubnavis/.m2/repository/org/apache/tomcat/embed/tomcat-embed-core/10.1.16/tomcat-embed-core-10.1.16.jar:/Users/sudheendrasubnavis/.m2/repository/org/apache/tomcat/embed/tomcat-embed-el/10.1.16/tomcat-embed-el-10.1.16.jar:/Users/sudheendrasubnavis/.m2/repository/org/apache/tomcat/embed/tomcat-embed-websocket/10.1.16/tomcat-embed-websocket-10.1.16.jar:/Users/sudheendrasubnavis/.m2/repository/org/springframework/spring-web/6.1.1/spring-web-6.1.1.jar:/Users/sudheendrasubnavis/.m2/repository/org/springframework/spring-beans/6.1.1/spring-beans-6.1.1.jar:/Users/sudheendrasubnavis/.m2/repository/io/micrometer/micrometer-observation/1.12.0/micrometer-observation-1.12.0.jar:/Users/sudheendrasubnavis/.m2/repository/io/micrometer/micrometer-commons/1.12.0/micrometer-commons-1.12.0.jar:/Users/sudheendrasubnavis/.m2/repository/org/springframework/spring-webmvc/6.1.1/spring-webmvc-6.1.1.jar:/Users/sudheendrasubnavis/.m2/repository/org/springframework/spring-context/6.1.1/spring-context-6.1.1.jar:/Users/sudheendrasubnavis/.m2/repository/org/springframework/spring-expression/6.1.1/spring-expression-6.1.1.jar:/Users/sudheendrasubnavis/.m2/repository/org/springframework/boot/spring-boot-starter-test/3.2.0/spring-boot-starter-test-3.2.0.jar:/Users/sudheendrasubnavis/.m2/repository/org/springframework/boot/spring-boot-test/3.2.0/spring-boot-test-3.2.0.jar:/Users/sudheendrasubnavis/.m2/repository/org/springframework/boot/spring-boot-test-autoconfigure/3.2.0/spring-boot-test-autoconfigure-3.2.0.jar:/Users/sudheendrasubnavis/.m2/repository/com/jayway/jsonpath/json-path/2.8.0/json-path-2.8.0.jar:/Users/sudheendrasubnavis/.m2/repository/jakarta/xml/bind/jakarta.xml.bind-api/4.0.1/jakarta.xml.bind-api-4.0.1.jar:/Users/sudheendrasubnavis/.m2/repository/jakarta/activation/jakarta.activation-api/2.1.2/jakarta.activation-api-2.1.2.jar:/Users/sudheendrasubnavis/.m2/repository/net/minidev/json-smart/2.5.0/json-smart-2.5.0.jar:/Users/sudheendrasubnavis/.m2/repository/net/minidev/accessors-smart/2.5.0/accessors-smart-2.5.0.jar:/Users/sudheendrasubnavis/.m2/repository/org/ow2/asm/asm/9.3/asm-9.3.jar:/Users/sudheendrasubnavis/.m2/repository/org/assertj/assertj-core/3.24.2/assertj-core-3.24.2.jar:/Users/sudheendrasubnavis/.m2/repository/org/awaitility/awaitility/4.2.0/awaitility-4.2.0.jar:/Users/sudheendrasubnavis/.m2/repository/org/hamcrest/hamcrest/2.2/hamcrest-2.2.jar:/Users/sudheendrasubnavis/.m2/repository/org/junit/jupiter/junit-jupiter/5.10.1/junit-jupiter-5.10.1.jar:/Users/sudheendrasubnavis/.m2/repository/org/junit/jupiter/junit-jupiter-api/5.10.1/junit-jupiter-api-5.10.1.jar:/Users/sudheendrasubnavis/.m2/repository/org/opentest4j/opentest4j/1.3.0/opentest4j-1.3.0.jar:/Users/sudheendrasubnavis/.m2/repository/org/junit/platform/junit-platform-commons/1.10.1/junit-platform-commons-1.10.1.jar:/Users/sudheendrasubnavis/.m2/repository/org/apiguardian/apiguardian-api/1.1.2/apiguardian-api-1.1.2.jar:/Users/sudheendrasubnavis/.m2/repository/org/junit/jupiter/junit-jupiter-params/5.10.1/junit-jupiter-params-5.10.1.jar:/Users/sudheendrasubnavis/.m2/repository/org/junit/jupiter/junit-jupiter-engine/5.10.1/junit-jupiter-engine-5.10.1.jar:/Users/sudheendrasubnavis/.m2/repository/org/junit/platform/junit-platform-engine/1.10.1/junit-platform-engine-1.10.1.jar:/Users/sudheendrasubnavis/.m2/repository/org/mockito/mockito-core/5.7.0/mockito-core-5.7.0.jar:/Users/sudheendrasubnavis/.m2/repository/net/bytebuddy/byte-buddy-agent/1.14.10/byte-buddy-agent-1.14.10.jar:/Users/sudheendrasubnavis/.m2/repository/org/objenesis/objenesis/3.3/objenesis-3.3.jar:/Users/sudheendrasubnavis/.m2/repository/org/mockito/mockito-junit-jupiter/5.7.0/mockito-junit-jupiter-5.7.0.jar:/Users/sudheendrasubnavis/.m2/repository/org/skyscreamer/jsonassert/1.5.1/jsonassert-1.5.1.jar:/Users/sudheendrasubnavis/.m2/repository/com/vaadin/external/google/android-json/0.0.20131108.vaadin1/android-json-0.0.20131108.vaadin1.jar:/Users/sudheendrasubnavis/.m2/repository/org/springframework/spring-core/6.1.1/spring-core-6.1.1.jar:/Users/sudheendrasubnavis/.m2/repository/org/springframework/spring-jcl/6.1.1/spring-jcl-6.1.1.jar:/Users/sudheendrasubnavis/.m2/repository/org/springframework/spring-test/6.1.1/spring-test-6.1.1.jar:/Users/sudheendrasubnavis/.m2/repository/org/xmlunit/xmlunit-core/2.9.1/xmlunit-core-2.9.1.jar:/Users/sudheendrasubnavis/.m2/repository/org/springframework/boot/spring-boot-starter-security/3.2.0/spring-boot-starter-security-3.2.0.jar:/Users/sudheendrasubnavis/.m2/repository/org/springframework/spring-aop/6.1.1/spring-aop-6.1.1.jar:/Users/sudheendrasubnavis/.m2/repository/org/springframework/security/spring-security-config/6.2.0/spring-security-config-6.2.0.jar:/Users/sudheendrasubnavis/.m2/repository/org/springframework/security/spring-security-web/6.2.0/spring-security-web-6.2.0.jar:/Users/sudheendrasubnavis/.m2/repository/org/thymeleaf/extras/thymeleaf-extras-springsecurity6/3.1.1.RELEASE/thymeleaf-extras-springsecurity6-3.1.1.RELEASE.jar:/Users/sudheendrasubnavis/.m2/repository/org/slf4j/slf4j-api/2.0.9/slf4j-api-2.0.9.jar:/Users/sudheendrasubnavis/.m2/repository/org/springframework/security/spring-security-test/6.2.0/spring-security-test-6.2.0.jar:/Users/sudheendrasubnavis/.m2/repository/org/springframework/security/spring-security-core/6.2.0/spring-security-core-6.2.0.jar:/Users/sudheendrasubnavis/.m2/repository/org/springframework/security/spring-security-crypto/6.2.0/spring-security-crypto-6.2.0.jar:/Users/sudheendrasubnavis/.m2/repository/jakarta/persistence/jakarta.persistence-api/3.1.0/jakarta.persistence-api-3.1.0.jar:/Users/sudheendrasubnavis/.m2/repository/jakarta/transaction/jakarta.transaction-api/2.0.1/jakarta.transaction-api-2.0.1.jar:/Users/sudheendrasubnavis/.m2/repository/org/jboss/logging/jboss-logging/3.5.3.Final/jboss-logging-3.5.3.Final.jar:/Users/sudheendrasubnavis/.m2/repository/org/hibernate/common/hibernate-commons-annotations/6.0.6.Final/hibernate-commons-annotations-6.0.6.Final.jar:/Users/sudheendrasubnavis/.m2/repository/io/smallrye/jandex/3.1.2/jandex-3.1.2.jar:/Users/sudheendrasubnavis/.m2/repository/com/fasterxml/classmate/1.6.0/classmate-1.6.0.jar:/Users/sudheendrasubnavis/.m2/repository/net/bytebuddy/byte-buddy/1.14.10/byte-buddy-1.14.10.jar:/Users/sudheendrasubnavis/.m2/repository/org/glassfish/jaxb/jaxb-runtime/4.0.4/jaxb-runtime-4.0.4.jar:/Users/sudheendrasubnavis/.m2/repository/org/glassfish/jaxb/jaxb-core/4.0.4/jaxb-core-4.0.4.jar:/Users/sudheendrasubnavis/.m2/repository/org/eclipse/angus/angus-activation/2.0.1/angus-activation-2.0.1.jar:/Users/sudheendrasubnavis/.m2/repository/org/glassfish/jaxb/txw2/4.0.4/txw2-4.0.4.jar:/Users/sudheendrasubnavis/.m2/repository/com/sun/istack/istack-commons-runtime/4.1.2/istack-commons-runtime-4.1.2.jar:/Users/sudheendrasubnavis/.m2/repository/jakarta/inject/jakarta.inject-api/2.0.1/jakarta.inject-api-2.0.1.jar:/Users/sudheendrasubnavis/.m2/repository/org/antlr/antlr4-runtime/4.13.0/antlr4-runtime-4.13.0.jar:/Users/sudheendrasubnavis/.m2/repository/org/hibernate/orm/hibernate-core/6.3.1.Final/hibernate-core-6.3.1.Final.jar:/Users/sudheendrasubnavis/.m2/repository/com/mysql/mysql-connector-j/8.2.0/mysql-connector-j-8.2.0.jar:/Users/sudheendrasubnavis/.m2/repository/software/amazon/awssdk/s3/2.21.40/s3-2.21.40.jar:/Users/sudheendrasubnavis/.m2/repository/software/amazon/awssdk/aws-xml-protocol/2.21.40/aws-xml-protocol-2.21.40.jar:/Users/sudheendrasubnavis/.m2/repository/software/amazon/awssdk/aws-query-protocol/2.21.40/aws-query-protocol-2.21.40.jar:/Users/sudheendrasubnavis/.m2/repository/software/amazon/awssdk/protocol-core/2.21.40/protocol-core-2.21.40.jar:/Users/sudheendrasubnavis/.m2/repository/software/amazon/awssdk/arns/2.21.40/arns-2.21.40.jar:/Users/sudheendrasubnavis/.m2/repository/software/amazon/awssdk/profiles/2.21.40/profiles-2.21.40.jar:/Users/sudheendrasubnavis/.m2/repository/software/amazon/awssdk/crt-core/2.21.40/crt-core-2.21.40.jar:/Users/sudheendrasubnavis/.m2/repository/software/amazon/awssdk/http-auth/2.21.40/http-auth-2.21.40.jar:/Users/sudheendrasubnavis/.m2/repository/software/amazon/awssdk/identity-spi/2.21.40/identity-spi-2.21.40.jar:/Users/sudheendrasubnavis/.m2/repository/software/amazon/awssdk/http-auth-spi/2.21.40/http-auth-spi-2.21.40.jar:/Users/sudheendrasubnavis/.m2/repository/org/reactivestreams/reactive-streams/1.0.4/reactive-streams-1.0.4.jar:/Users/sudheendrasubnavis/.m2/repository/software/amazon/awssdk/http-auth-aws/2.21.40/http-auth-aws-2.21.40.jar:/Users/sudheendrasubnavis/.m2/repository/software/amazon/awssdk/checksums/2.21.40/checksums-2.21.40.jar:/Users/sudheendrasubnavis/.m2/repository/software/amazon/awssdk/checksums-spi/2.21.40/checksums-spi-2.21.40.jar:/Users/sudheendrasubnavis/.m2/repository/software/amazon/awssdk/sdk-core/2.21.40/sdk-core-2.21.40.jar:/Users/sudheendrasubnavis/.m2/repository/software/amazon/awssdk/auth/2.21.40/auth-2.21.40.jar:/Users/sudheendrasubnavis/.m2/repository/software/amazon/eventstream/eventstream/1.0.1/eventstream-1.0.1.jar:/Users/sudheendrasubnavis/.m2/repository/software/amazon/awssdk/http-client-spi/2.21.40/http-client-spi-2.21.40.jar:/Users/sudheendrasubnavis/.m2/repository/software/amazon/awssdk/regions/2.21.40/regions-2.21.40.jar:/Users/sudheendrasubnavis/.m2/repository/software/amazon/awssdk/annotations/2.21.40/annotations-2.21.40.jar:/Users/sudheendrasubnavis/.m2/repository/software/amazon/awssdk/utils/2.21.40/utils-2.21.40.jar:/Users/sudheendrasubnavis/.m2/repository/software/amazon/awssdk/aws-core/2.21.40/aws-core-2.21.40.jar:/Users/sudheendrasubnavis/.m2/repository/software/amazon/awssdk/metrics-spi/2.21.40/metrics-spi-2.21.40.jar:/Users/sudheendrasubnavis/.m2/repository/software/amazon/awssdk/json-utils/2.21.40/json-utils-2.21.40.jar:/Users/sudheendrasubnavis/.m2/repository/software/amazon/awssdk/third-party-jackson-core/2.21.40/third-party-jackson-core-2.21.40.jar:/Users/sudheendrasubnavis/.m2/repository/software/amazon/awssdk/endpoints-spi/2.21.40/endpoints-spi-2.21.40.jar:/Users/sudheendrasubnavis/.m2/repository/software/amazon/awssdk/apache-client/2.21.40/apache-client-2.21.40.jar:/Users/sudheendrasubnavis/.m2/repository/org/apache/httpcomponents/httpclient/4.5.13/httpclient-4.5.13.jar:/Users/sudheendrasubnavis/.m2/repository/org/apache/httpcomponents/httpcore/4.4.16/httpcore-4.4.16.jar:/Users/sudheendrasubnavis/.m2/repository/commons-codec/commons-codec/1.16.0/commons-codec-1.16.0.jar:/Users/sudheendrasubnavis/.m2/repository/software/amazon/awssdk/netty-nio-client/2.21.40/netty-nio-client-2.21.40.jar:/Users/sudheendrasubnavis/.m2/repository/io/netty/netty-codec-http/4.1.101.Final/netty-codec-http-4.1.101.Final.jar:/Users/sudheendrasubnavis/.m2/repository/io/netty/netty-codec-http2/4.1.101.Final/netty-codec-http2-4.1.101.Final.jar:/Users/sudheendrasubnavis/.m2/repository/io/netty/netty-codec/4.1.101.Final/netty-codec-4.1.101.Final.jar:/Users/sudheendrasubnavis/.m2/repository/io/netty/netty-transport/4.1.101.Final/netty-transport-4.1.101.Final.jar:/Users/sudheendrasubnavis/.m2/repository/io/netty/netty-common/4.1.101.Final/netty-common-4.1.101.Final.jar:/Users/sudheendrasubnavis/.m2/repository/io/netty/netty-buffer/4.1.101.Final/netty-buffer-4.1.101.Final.jar:/Users/sudheendrasubnavis/.m2/repository/io/netty/netty-handler/4.1.101.Final/netty-handler-4.1.101.Final.jar:/Users/sudheendrasubnavis/.m2/repository/io/netty/netty-transport-native-unix-common/4.1.101.Final/netty-transport-native-unix-common-4.1.101.Final.jar:/Users/sudheendrasubnavis/.m2/repository/io/netty/netty-transport-classes-epoll/4.1.101.Final/netty-transport-classes-epoll-4.1.101.Final.jar:/Users/sudheendrasubnavis/.m2/repository/io/netty/netty-resolver/4.1.101.Final/netty-resolver-4.1.101.Final.jar:/Users/sudheendrasubnavis/.m2/repository/com/amazonaws/aws-java-sdk-s3/1.12.13/aws-java-sdk-s3-1.12.13.jar:/Users/sudheendrasubnavis/.m2/repository/com/amazonaws/aws-java-sdk-kms/1.12.13/aws-java-sdk-kms-1.12.13.jar:/Users/sudheendrasubnavis/.m2/repository/com/amazonaws/aws-java-sdk-core/1.12.13/aws-java-sdk-core-1.12.13.jar:/Users/sudheendrasubnavis/.m2/repository/commons-logging/commons-logging/1.1.3/commons-logging-1.1.3.jar:/Users/sudheendrasubnavis/.m2/repository/software/amazon/ion/ion-java/1.0.2/ion-java-1.0.2.jar:/Users/sudheendrasubnavis/.m2/repository/com/fasterxml/jackson/dataformat/jackson-dataformat-cbor/2.15.3/jackson-dataformat-cbor-2.15.3.jar:/Users/sudheendrasubnavis/.m2/repository/joda-time/joda-time/2.8.1/joda-time-2.8.1.jar:/Users/sudheendrasubnavis/.m2/repository/com/amazonaws/jmespath-java/1.12.13/jmespath-java-1.12.13.jar:/Users/sudheendrasubnavis/.m2/repository/com/stripe/stripe-java/10.0.2/stripe-java-10.0.2.jar:/Users/sudheendrasubnavis/.m2/repository/com/google/code/gson/gson/2.10.1/gson-2.10.1.jar:"/>
    <property name="java.vm.vendor" value="Oracle Corporation"/>
    <property name="sun.arch.data.model" value="64"/>
    <property name="java.vendor.url" value="https://java.oracle.com/"/>
    <property name="user.timezone" value="America/New_York"/>
    <property name="org.jboss.logging.provider" value="slf4j"/>
    <property name="os.name" value="Mac OS X"/>
    <property name="java.vm.specification.version" value="17"/>
    <property name="sun.java.launcher" value="SUN_STANDARD"/>
    <property name="user.country" value="US"/>
    <property name="sun.boot.library.path" value="/Library/Java/JavaVirtualMachines/jdk-17.jdk/Contents/Home/lib"/>
    <property name="sun.java.command" value="/Users/sudheendrasubnavis/Desktop/Elearning/target/surefire/surefirebooter-20231211124811999_3.jar /Users/sudheendrasubnavis/Desktop/Elearning/target/surefire 2023-12-11T12-48-11_949-jvmRun1 surefire-20231211124811999_1tmp surefire_0-20231211124811999_2tmp"/>
    <property name="http.nonProxyHosts" value="local|*.local|169.254/16|*.169.254/16"/>
    <property name="jdk.debug" value="release"/>
    <property name="surefire.test.class.path" value="/Users/sudheendrasubnavis/Desktop/Elearning/target/test-classes:/Users/sudheendrasubnavis/Desktop/Elearning/target/classes:/Users/sudheendrasubnavis/.m2/repository/org/springframework/boot/spring-boot-starter-thymeleaf/3.2.0/spring-boot-starter-thymeleaf-3.2.0.jar:/Users/sudheendrasubnavis/.m2/repository/org/springframework/boot/spring-boot-starter/3.2.0/spring-boot-starter-3.2.0.jar:/Users/sudheendrasubnavis/.m2/repository/org/springframework/boot/spring-boot/3.2.0/spring-boot-3.2.0.jar:/Users/sudheendrasubnavis/.m2/repository/org/springframework/boot/spring-boot-autoconfigure/3.2.0/spring-boot-autoconfigure-3.2.0.jar:/Users/sudheendrasubnavis/.m2/repository/org/springframework/boot/spring-boot-starter-logging/3.2.0/spring-boot-starter-logging-3.2.0.jar:/Users/sudheendrasubnavis/.m2/repository/ch/qos/logback/logback-classic/1.4.11/logback-classic-1.4.11.jar:/Users/sudheendrasubnavis/.m2/repository/ch/qos/logback/logback-core/1.4.11/logback-core-1.4.11.jar:/Users/sudheendrasubnavis/.m2/repository/org/apache/logging/log4j/log4j-to-slf4j/2.21.1/log4j-to-slf4j-2.21.1.jar:/Users/sudheendrasubnavis/.m2/repository/org/apache/logging/log4j/log4j-api/2.21.1/log4j-api-2.21.1.jar:/Users/sudheendrasubnavis/.m2/repository/org/slf4j/jul-to-slf4j/2.0.9/jul-to-slf4j-2.0.9.jar:/Users/sudheendrasubnavis/.m2/repository/jakarta/annotation/jakarta.annotation-api/2.1.1/jakarta.annotation-api-2.1.1.jar:/Users/sudheendrasubnavis/.m2/repository/org/yaml/snakeyaml/2.2/snakeyaml-2.2.jar:/Users/sudheendrasubnavis/.m2/repository/org/thymeleaf/thymeleaf-spring6/3.1.2.RELEASE/thymeleaf-spring6-3.1.2.RELEASE.jar:/Users/sudheendrasubnavis/.m2/repository/org/thymeleaf/thymeleaf/3.1.2.RELEASE/thymeleaf-3.1.2.RELEASE.jar:/Users/sudheendrasubnavis/.m2/repository/org/attoparser/attoparser/2.0.7.RELEASE/attoparser-2.0.7.RELEASE.jar:/Users/sudheendrasubnavis/.m2/repository/org/unbescape/unbescape/1.1.6.RELEASE/unbescape-1.1.6.RELEASE.jar:/Users/sudheendrasubnavis/.m2/repository/org/springframework/boot/spring-boot-starter-web/3.2.0/spring-boot-starter-web-3.2.0.jar:/Users/sudheendrasubnavis/.m2/repository/org/springframework/boot/spring-boot-starter-json/3.2.0/spring-boot-starter-json-3.2.0.jar:/Users/sudheendrasubnavis/.m2/repository/com/fasterxml/jackson/core/jackson-databind/2.15.3/jackson-databind-2.15.3.jar:/Users/sudheendrasubnavis/.m2/repository/com/fasterxml/jackson/core/jackson-annotations/2.15.3/jackson-annotations-2.15.3.jar:/Users/sudheendrasubnavis/.m2/repository/com/fasterxml/jackson/core/jackson-core/2.15.3/jackson-core-2.15.3.jar:/Users/sudheendrasubnavis/.m2/repository/com/fasterxml/jackson/datatype/jackson-datatype-jdk8/2.15.3/jackson-datatype-jdk8-2.15.3.jar:/Users/sudheendrasubnavis/.m2/repository/com/fasterxml/jackson/datatype/jackson-datatype-jsr310/2.15.3/jackson-datatype-jsr310-2.15.3.jar:/Users/sudheendrasubnavis/.m2/repository/com/fasterxml/jackson/module/jackson-module-parameter-names/2.15.3/jackson-module-parameter-names-2.15.3.jar:/Users/sudheendrasubnavis/.m2/repository/org/springframework/boot/spring-boot-starter-tomcat/3.2.0/spring-boot-starter-tomcat-3.2.0.jar:/Users/sudheendrasubnavis/.m2/repository/org/apache/tomcat/embed/tomcat-embed-core/10.1.16/tomcat-embed-core-10.1.16.jar:/Users/sudheendrasubnavis/.m2/repository/org/apache/tomcat/embed/tomcat-embed-el/10.1.16/tomcat-embed-el-10.1.16.jar:/Users/sudheendrasubnavis/.m2/repository/org/apache/tomcat/embed/tomcat-embed-websocket/10.1.16/tomcat-embed-websocket-10.1.16.jar:/Users/sudheendrasubnavis/.m2/repository/org/springframework/spring-web/6.1.1/spring-web-6.1.1.jar:/Users/sudheendrasubnavis/.m2/repository/org/springframework/spring-beans/6.1.1/spring-beans-6.1.1.jar:/Users/sudheendrasubnavis/.m2/repository/io/micrometer/micrometer-observation/1.12.0/micrometer-observation-1.12.0.jar:/Users/sudheendrasubnavis/.m2/repository/io/micrometer/micrometer-commons/1.12.0/micrometer-commons-1.12.0.jar:/Users/sudheendrasubnavis/.m2/repository/org/springframework/spring-webmvc/6.1.1/spring-webmvc-6.1.1.jar:/Users/sudheendrasubnavis/.m2/repository/org/springframework/spring-context/6.1.1/spring-context-6.1.1.jar:/Users/sudheendrasubnavis/.m2/repository/org/springframework/spring-expression/6.1.1/spring-expression-6.1.1.jar:/Users/sudheendrasubnavis/.m2/repository/org/springframework/boot/spring-boot-starter-test/3.2.0/spring-boot-starter-test-3.2.0.jar:/Users/sudheendrasubnavis/.m2/repository/org/springframework/boot/spring-boot-test/3.2.0/spring-boot-test-3.2.0.jar:/Users/sudheendrasubnavis/.m2/repository/org/springframework/boot/spring-boot-test-autoconfigure/3.2.0/spring-boot-test-autoconfigure-3.2.0.jar:/Users/sudheendrasubnavis/.m2/repository/com/jayway/jsonpath/json-path/2.8.0/json-path-2.8.0.jar:/Users/sudheendrasubnavis/.m2/repository/jakarta/xml/bind/jakarta.xml.bind-api/4.0.1/jakarta.xml.bind-api-4.0.1.jar:/Users/sudheendrasubnavis/.m2/repository/jakarta/activation/jakarta.activation-api/2.1.2/jakarta.activation-api-2.1.2.jar:/Users/sudheendrasubnavis/.m2/repository/net/minidev/json-smart/2.5.0/json-smart-2.5.0.jar:/Users/sudheendrasubnavis/.m2/repository/net/minidev/accessors-smart/2.5.0/accessors-smart-2.5.0.jar:/Users/sudheendrasubnavis/.m2/repository/org/ow2/asm/asm/9.3/asm-9.3.jar:/Users/sudheendrasubnavis/.m2/repository/org/assertj/assertj-core/3.24.2/assertj-core-3.24.2.jar:/Users/sudheendrasubnavis/.m2/repository/org/awaitility/awaitility/4.2.0/awaitility-4.2.0.jar:/Users/sudheendrasubnavis/.m2/repository/org/hamcrest/hamcrest/2.2/hamcrest-2.2.jar:/Users/sudheendrasubnavis/.m2/repository/org/junit/jupiter/junit-jupiter/5.10.1/junit-jupiter-5.10.1.jar:/Users/sudheendrasubnavis/.m2/repository/org/junit/jupiter/junit-jupiter-api/5.10.1/junit-jupiter-api-5.10.1.jar:/Users/sudheendrasubnavis/.m2/repository/org/opentest4j/opentest4j/1.3.0/opentest4j-1.3.0.jar:/Users/sudheendrasubnavis/.m2/repository/org/junit/platform/junit-platform-commons/1.10.1/junit-platform-commons-1.10.1.jar:/Users/sudheendrasubnavis/.m2/repository/org/apiguardian/apiguardian-api/1.1.2/apiguardian-api-1.1.2.jar:/Users/sudheendrasubnavis/.m2/repository/org/junit/jupiter/junit-jupiter-params/5.10.1/junit-jupiter-params-5.10.1.jar:/Users/sudheendrasubnavis/.m2/repository/org/junit/jupiter/junit-jupiter-engine/5.10.1/junit-jupiter-engine-5.10.1.jar:/Users/sudheendrasubnavis/.m2/repository/org/junit/platform/junit-platform-engine/1.10.1/junit-platform-engine-1.10.1.jar:/Users/sudheendrasubnavis/.m2/repository/org/mockito/mockito-core/5.7.0/mockito-core-5.7.0.jar:/Users/sudheendrasubnavis/.m2/repository/net/bytebuddy/byte-buddy-agent/1.14.10/byte-buddy-agent-1.14.10.jar:/Users/sudheendrasubnavis/.m2/repository/org/objenesis/objenesis/3.3/objenesis-3.3.jar:/Users/sudheendrasubnavis/.m2/repository/org/mockito/mockito-junit-jupiter/5.7.0/mockito-junit-jupiter-5.7.0.jar:/Users/sudheendrasubnavis/.m2/repository/org/skyscreamer/jsonassert/1.5.1/jsonassert-1.5.1.jar:/Users/sudheendrasubnavis/.m2/repository/com/vaadin/external/google/android-json/0.0.20131108.vaadin1/android-json-0.0.20131108.vaadin1.jar:/Users/sudheendrasubnavis/.m2/repository/org/springframework/spring-core/6.1.1/spring-core-6.1.1.jar:/Users/sudheendrasubnavis/.m2/repository/org/springframework/spring-jcl/6.1.1/spring-jcl-6.1.1.jar:/Users/sudheendrasubnavis/.m2/repository/org/springframework/spring-test/6.1.1/spring-test-6.1.1.jar:/Users/sudheendrasubnavis/.m2/repository/org/xmlunit/xmlunit-core/2.9.1/xmlunit-core-2.9.1.jar:/Users/sudheendrasubnavis/.m2/repository/org/springframework/boot/spring-boot-starter-security/3.2.0/spring-boot-starter-security-3.2.0.jar:/Users/sudheendrasubnavis/.m2/repository/org/springframework/spring-aop/6.1.1/spring-aop-6.1.1.jar:/Users/sudheendrasubnavis/.m2/repository/org/springframework/security/spring-security-config/6.2.0/spring-security-config-6.2.0.jar:/Users/sudheendrasubnavis/.m2/repository/org/springframework/security/spring-security-web/6.2.0/spring-security-web-6.2.0.jar:/Users/sudheendrasubnavis/.m2/repository/org/thymeleaf/extras/thymeleaf-extras-springsecurity6/3.1.1.RELEASE/thymeleaf-extras-springsecurity6-3.1.1.RELEASE.jar:/Users/sudheendrasubnavis/.m2/repository/org/slf4j/slf4j-api/2.0.9/slf4j-api-2.0.9.jar:/Users/sudheendrasubnavis/.m2/repository/org/springframework/security/spring-security-test/6.2.0/spring-security-test-6.2.0.jar:/Users/sudheendrasubnavis/.m2/repository/org/springframework/security/spring-security-core/6.2.0/spring-security-core-6.2.0.jar:/Users/sudheendrasubnavis/.m2/repository/org/springframework/security/spring-security-crypto/6.2.0/spring-security-crypto-6.2.0.jar:/Users/sudheendrasubnavis/.m2/repository/jakarta/persistence/jakarta.persistence-api/3.1.0/jakarta.persistence-api-3.1.0.jar:/Users/sudheendrasubnavis/.m2/repository/jakarta/transaction/jakarta.transaction-api/2.0.1/jakarta.transaction-api-2.0.1.jar:/Users/sudheendrasubnavis/.m2/repository/org/jboss/logging/jboss-logging/3.5.3.Final/jboss-logging-3.5.3.Final.jar:/Users/sudheendrasubnavis/.m2/repository/org/hibernate/common/hibernate-commons-annotations/6.0.6.Final/hibernate-commons-annotations-6.0.6.Final.jar:/Users/sudheendrasubnavis/.m2/repository/io/smallrye/jandex/3.1.2/jandex-3.1.2.jar:/Users/sudheendrasubnavis/.m2/repository/com/fasterxml/classmate/1.6.0/classmate-1.6.0.jar:/Users/sudheendrasubnavis/.m2/repository/net/bytebuddy/byte-buddy/1.14.10/byte-buddy-1.14.10.jar:/Users/sudheendrasubnavis/.m2/repository/org/glassfish/jaxb/jaxb-runtime/4.0.4/jaxb-runtime-4.0.4.jar:/Users/sudheendrasubnavis/.m2/repository/org/glassfish/jaxb/jaxb-core/4.0.4/jaxb-core-4.0.4.jar:/Users/sudheendrasubnavis/.m2/repository/org/eclipse/angus/angus-activation/2.0.1/angus-activation-2.0.1.jar:/Users/sudheendrasubnavis/.m2/repository/org/glassfish/jaxb/txw2/4.0.4/txw2-4.0.4.jar:/Users/sudheendrasubnavis/.m2/repository/com/sun/istack/istack-commons-runtime/4.1.2/istack-commons-runtime-4.1.2.jar:/Users/sudheendrasubnavis/.m2/repository/jakarta/inject/jakarta.inject-api/2.0.1/jakarta.inject-api-2.0.1.jar:/Users/sudheendrasubnavis/.m2/repository/org/antlr/antlr4-runtime/4.13.0/antlr4-runtime-4.13.0.jar:/Users/sudheendrasubnavis/.m2/repository/org/hibernate/orm/hibernate-core/6.3.1.Final/hibernate-core-6.3.1.Final.jar:/Users/sudheendrasubnavis/.m2/repository/com/mysql/mysql-connector-j/8.2.0/mysql-connector-j-8.2.0.jar:/Users/sudheendrasubnavis/.m2/repository/software/amazon/awssdk/s3/2.21.40/s3-2.21.40.jar:/Users/sudheendrasubnavis/.m2/repository/software/amazon/awssdk/aws-xml-protocol/2.21.40/aws-xml-protocol-2.21.40.jar:/Users/sudheendrasubnavis/.m2/repository/software/amazon/awssdk/aws-query-protocol/2.21.40/aws-query-protocol-2.21.40.jar:/Users/sudheendrasubnavis/.m2/repository/software/amazon/awssdk/protocol-core/2.21.40/protocol-core-2.21.40.jar:/Users/sudheendrasubnavis/.m2/repository/software/amazon/awssdk/arns/2.21.40/arns-2.21.40.jar:/Users/sudheendrasubnavis/.m2/repository/software/amazon/awssdk/profiles/2.21.40/profiles-2.21.40.jar:/Users/sudheendrasubnavis/.m2/repository/software/amazon/awssdk/crt-core/2.21.40/crt-core-2.21.40.jar:/Users/sudheendrasubnavis/.m2/repository/software/amazon/awssdk/http-auth/2.21.40/http-auth-2.21.40.jar:/Users/sudheendrasubnavis/.m2/repository/software/amazon/awssdk/identity-spi/2.21.40/identity-spi-2.21.40.jar:/Users/sudheendrasubnavis/.m2/repository/software/amazon/awssdk/http-auth-spi/2.21.40/http-auth-spi-2.21.40.jar:/Users/sudheendrasubnavis/.m2/repository/org/reactivestreams/reactive-streams/1.0.4/reactive-streams-1.0.4.jar:/Users/sudheendrasubnavis/.m2/repository/software/amazon/awssdk/http-auth-aws/2.21.40/http-auth-aws-2.21.40.jar:/Users/sudheendrasubnavis/.m2/repository/software/amazon/awssdk/checksums/2.21.40/checksums-2.21.40.jar:/Users/sudheendrasubnavis/.m2/repository/software/amazon/awssdk/checksums-spi/2.21.40/checksums-spi-2.21.40.jar:/Users/sudheendrasubnavis/.m2/repository/software/amazon/awssdk/sdk-core/2.21.40/sdk-core-2.21.40.jar:/Users/sudheendrasubnavis/.m2/repository/software/amazon/awssdk/auth/2.21.40/auth-2.21.40.jar:/Users/sudheendrasubnavis/.m2/repository/software/amazon/eventstream/eventstream/1.0.1/eventstream-1.0.1.jar:/Users/sudheendrasubnavis/.m2/repository/software/amazon/awssdk/http-client-spi/2.21.40/http-client-spi-2.21.40.jar:/Users/sudheendrasubnavis/.m2/repository/software/amazon/awssdk/regions/2.21.40/regions-2.21.40.jar:/Users/sudheendrasubnavis/.m2/repository/software/amazon/awssdk/annotations/2.21.40/annotations-2.21.40.jar:/Users/sudheendrasubnavis/.m2/repository/software/amazon/awssdk/utils/2.21.40/utils-2.21.40.jar:/Users/sudheendrasubnavis/.m2/repository/software/amazon/awssdk/aws-core/2.21.40/aws-core-2.21.40.jar:/Users/sudheendrasubnavis/.m2/repository/software/amazon/awssdk/metrics-spi/2.21.40/metrics-spi-2.21.40.jar:/Users/sudheendrasubnavis/.m2/repository/software/amazon/awssdk/json-utils/2.21.40/json-utils-2.21.40.jar:/Users/sudheendrasubnavis/.m2/repository/software/amazon/awssdk/third-party-jackson-core/2.21.40/third-party-jackson-core-2.21.40.jar:/Users/sudheendrasubnavis/.m2/repository/software/amazon/awssdk/endpoints-spi/2.21.40/endpoints-spi-2.21.40.jar:/Users/sudheendrasubnavis/.m2/repository/software/amazon/awssdk/apache-client/2.21.40/apache-client-2.21.40.jar:/Users/sudheendrasubnavis/.m2/repository/org/apache/httpcomponents/httpclient/4.5.13/httpclient-4.5.13.jar:/Users/sudheendrasubnavis/.m2/repository/org/apache/httpcomponents/httpcore/4.4.16/httpcore-4.4.16.jar:/Users/sudheendrasubnavis/.m2/repository/commons-codec/commons-codec/1.16.0/commons-codec-1.16.0.jar:/Users/sudheendrasubnavis/.m2/repository/software/amazon/awssdk/netty-nio-client/2.21.40/netty-nio-client-2.21.40.jar:/Users/sudheendrasubnavis/.m2/repository/io/netty/netty-codec-http/4.1.101.Final/netty-codec-http-4.1.101.Final.jar:/Users/sudheendrasubnavis/.m2/repository/io/netty/netty-codec-http2/4.1.101.Final/netty-codec-http2-4.1.101.Final.jar:/Users/sudheendrasubnavis/.m2/repository/io/netty/netty-codec/4.1.101.Final/netty-codec-4.1.101.Final.jar:/Users/sudheendrasubnavis/.m2/repository/io/netty/netty-transport/4.1.101.Final/netty-transport-4.1.101.Final.jar:/Users/sudheendrasubnavis/.m2/repository/io/netty/netty-common/4.1.101.Final/netty-common-4.1.101.Final.jar:/Users/sudheendrasubnavis/.m2/repository/io/netty/netty-buffer/4.1.101.Final/netty-buffer-4.1.101.Final.jar:/Users/sudheendrasubnavis/.m2/repository/io/netty/netty-handler/4.1.101.Final/netty-handler-4.1.101.Final.jar:/Users/sudheendrasubnavis/.m2/repository/io/netty/netty-transport-native-unix-common/4.1.101.Final/netty-transport-native-unix-common-4.1.101.Final.jar:/Users/sudheendrasubnavis/.m2/repository/io/netty/netty-transport-classes-epoll/4.1.101.Final/netty-transport-classes-epoll-4.1.101.Final.jar:/Users/sudheendrasubnavis/.m2/repository/io/netty/netty-resolver/4.1.101.Final/netty-resolver-4.1.101.Final.jar:/Users/sudheendrasubnavis/.m2/repository/com/amazonaws/aws-java-sdk-s3/1.12.13/aws-java-sdk-s3-1.12.13.jar:/Users/sudheendrasubnavis/.m2/repository/com/amazonaws/aws-java-sdk-kms/1.12.13/aws-java-sdk-kms-1.12.13.jar:/Users/sudheendrasubnavis/.m2/repository/com/amazonaws/aws-java-sdk-core/1.12.13/aws-java-sdk-core-1.12.13.jar:/Users/sudheendrasubnavis/.m2/repository/commons-logging/commons-logging/1.1.3/commons-logging-1.1.3.jar:/Users/sudheendrasubnavis/.m2/repository/software/amazon/ion/ion-java/1.0.2/ion-java-1.0.2.jar:/Users/sudheendrasubnavis/.m2/repository/com/fasterxml/jackson/dataformat/jackson-dataformat-cbor/2.15.3/jackson-dataformat-cbor-2.15.3.jar:/Users/sudheendrasubnavis/.m2/repository/joda-time/joda-time/2.8.1/joda-time-2.8.1.jar:/Users/sudheendrasubnavis/.m2/repository/com/amazonaws/jmespath-java/1.12.13/jmespath-java-1.12.13.jar:/Users/sudheendrasubnavis/.m2/repository/com/stripe/stripe-java/10.0.2/stripe-java-10.0.2.jar:/Users/sudheendrasubnavis/.m2/repository/com/google/code/gson/gson/2.10.1/gson-2.10.1.jar:"/>
    <property name="sun.cpu.endian" value="little"/>
    <property name="user.home" value="/Users/sudheendrasubnavis"/>
    <property name="user.language" value="en"/>
    <property name="java.specification.vendor" value="Oracle Corporation"/>
    <property name="java.version.date" value="2023-10-17"/>
    <property name="java.home" value="/Library/Java/JavaVirtualMachines/jdk-17.jdk/Contents/Home"/>
    <property name="file.separator" value="/"/>
    <property name="basedir" value="/Users/sudheendrasubnavis/Desktop/Elearning"/>
    <property name="java.vm.compressedOopsMode" value="Zero based"/>
    <property name="line.separator" value="&#10;"/>
    <property name="java.vm.specification.vendor" value="Oracle Corporation"/>
    <property name="java.specification.name" value="Java Platform API Specification"/>
    <property name="FILE_LOG_CHARSET" value="UTF-8"/>
    <property name="java.awt.headless" value="true"/>
    <property name="surefire.real.class.path" value="/Users/sudheendrasubnavis/Desktop/Elearning/target/surefire/surefirebooter-20231211124811999_3.jar"/>
    <property name="sun.management.compiler" value="HotSpot 64-Bit Tiered Compilers"/>
    <property name="ftp.nonProxyHosts" value="local|*.local|169.254/16|*.169.254/16"/>
    <property name="java.runtime.version" value="17.0.9+11-LTS-201"/>
    <property name="user.name" value="sudheendrasubnavis"/>
    <property name="path.separator" value=":"/>
    <property name="os.version" value="14.0"/>
    <property name="java.runtime.name" value="Java(TM) SE Runtime Environment"/>
    <property name="file.encoding" value="UTF-8"/>
    <property name="java.vm.name" value="Java HotSpot(TM) 64-Bit Server VM"/>
    <property name="localRepository" value="/Users/sudheendrasubnavis/.m2/repository"/>
    <property name="java.vendor.url.bug" value="https://bugreport.java.com/bugreport/"/>
    <property name="java.io.tmpdir" value="/var/folders/v3/hg02ln3s059048dx69d6rh9w0000gn/T/"/>
    <property name="java.version" value="17.0.9"/>
    <property name="user.dir" value="/Users/sudheendrasubnavis/Desktop/Elearning"/>
    <property name="os.arch" value="aarch64"/>
    <property name="java.vm.specification.name" value="Java Virtual Machine Specification"/>
    <property name="PID" value="50472"/>
    <property name="CONSOLE_LOG_CHARSET" value="UTF-8"/>
    <property name="native.encoding" value="UTF-8"/>
    <property name="java.library.path" value="/Users/sudheendrasubnavis/Library/Java/Extensions:/Library/Java/Extensions:/Network/Library/Java/Extensions:/System/Library/Java/Extensions:/usr/lib/java:."/>
    <property name="java.vm.info" value="mixed mode, sharing"/>
    <property name="java.vendor" value="Oracle Corporation"/>
    <property name="java.vm.version" value="17.0.9+11-LTS-201"/>
    <property name="sun.io.unicode.encoding" value="UnicodeBig"/>
    <property name="socksNonProxyHosts" value="local|*.local|169.254/16|*.169.254/16"/>
    <property name="java.class.version" value="61.0"/>
  </properties>
  <testcase name="contextLoads" classname="com.csye6220.Elearning.ElearningApplicationTests" time="0.389">
    <system-out><![CDATA[12:48:12.332 [main] INFO org.springframework.test.context.support.AnnotationConfigContextLoaderUtils -- Could not detect default configuration classes for test class [com.csye6220.Elearning.ElearningApplicationTests]: ElearningApplicationTests does not declare any static, non-private, non-final, nested classes annotated with @Configuration.
12:48:12.374 [main] INFO org.springframework.boot.test.context.SpringBootTestContextBootstrapper -- Found @SpringBootConfiguration com.csye6220.Elearning.ElearningApplication for test class com.csye6220.Elearning.ElearningApplicationTests

  .   ____          _            __ _ _
 /\\ / ___'_ __ _ _(_)_ __  __ _ \ \ \ \
( ( )\___ | '_ | '_| | '_ \/ _` | \ \ \ \
 \\/  ___)| |_)| | | | | || (_| |  ) ) ) )
  '  |____| .__|_| |_|_| |_\__, | / / / /
 =========|_|==============|___/=/_/_/_/
 :: Spring Boot ::                (v3.2.0)

2023-12-11T12:48:12.517-05:00  INFO 50472 --- [           main] c.c.Elearning.ElearningApplicationTests  : Starting ElearningApplicationTests using Java 17.0.9 with PID 50472 (started by sudheendrasubnavis in /Users/sudheendrasubnavis/Desktop/Elearning)
2023-12-11T12:48:12.517-05:00  INFO 50472 --- [           main] c.c.Elearning.ElearningApplicationTests  : No active profile set, falling back to 1 default profile: "default"
2023-12-11T12:48:13.090-05:00  WARN 50472 --- [           main] o.s.security.core.userdetails.User       : User.withDefaultPasswordEncoder() is considered unsafe for production and is only intended for sample applications.
2023-12-11T12:48:13.171-05:00  WARN 50472 --- [           main] o.s.security.core.userdetails.User       : User.withDefaultPasswordEncoder() is considered unsafe for production and is only intended for sample applications.
2023-12-11T12:48:13.243-05:00  WARN 50472 --- [           main] o.s.security.core.userdetails.User       : User.withDefaultPasswordEncoder() is considered unsafe for production and is only intended for sample applications.
2023-12-11T12:48:13.314-05:00  WARN 50472 --- [           main] o.s.security.core.userdetails.User       : User.withDefaultPasswordEncoder() is considered unsafe for production and is only intended for sample applications.
2023-12-11T12:48:13.386-05:00  WARN 50472 --- [           main] o.s.security.core.userdetails.User       : User.withDefaultPasswordEncoder() is considered unsafe for production and is only intended for sample applications.
2023-12-11T12:48:13.553-05:00  INFO 50472 --- [           main] o.s.s.web.DefaultSecurityFilterChain     : Will secure any request with [org.springframework.security.web.session.DisableEncodeUrlFilter@119d4443, org.springframework.security.web.context.request.async.WebAsyncManagerIntegrationFilter@773eca84, org.springframework.security.web.context.SecurityContextHolderFilter@1ad1c363, org.springframework.security.web.header.HeaderWriterFilter@4ae280da, org.springframework.web.filter.CorsFilter@7d47dfed, org.springframework.security.web.authentication.logout.LogoutFilter@64a1116a, org.springframework.security.web.authentication.UsernamePasswordAuthenticationFilter@1544ded3, org.springframework.security.web.savedrequest.RequestCacheAwareFilter@35ac9ebd, org.springframework.security.web.servletapi.SecurityContextHolderAwareRequestFilter@56c0a61e, org.springframework.security.web.authentication.AnonymousAuthenticationFilter@3a38e4dc, org.springframework.security.web.access.ExceptionTranslationFilter@36551e97, org.springframework.security.web.access.intercept.AuthorizationFilter@537b3b2e]
2023-12-11T12:48:13.660-05:00  INFO 50472 --- [           main] c.c.Elearning.ElearningApplicationTests  : Started ElearningApplicationTests in 1.232 seconds (process running for 1.605)
]]></system-out>
  </testcase>
</testsuite>